<?xml version="1.0" encoding="UTF-8"?>
<!-- Generated by org.testng.reporters.JUnitReportReporter -->
<testsuite hostname="DESKTOP-OLAK0N7" failures="0" tests="1" name="org.iit.healthcare.mmp.launchbrowser" time="0.021" errors="0" timestamp="2021-04-19T18:50:26 EDT" skipped="0">
  <testcase classname="org.iit.healthcare.mmp.launchbrowser" name="startApplication" time="0.021"/>
  <system-out/>
</testsuite> <!-- org.iit.healthcare.mmp.launchbrowser -->
