<?xml version="1.0" encoding="UTF-8"?>
<!-- Generated by org.testng.reporters.JUnitReportReporter -->
<testsuite hostname="DESKTOP-OLAK0N7" failures="0" tests="12" name="org.iit.healthcare.mmp.EditandUpdateTest" time="136.699" errors="0" timestamp="2021-05-17T17:36:23 EDT" skipped="0">
  <testcase classname="org.iit.healthcare.mmp.EditandUpdateTest" name="loginapp" time="10.898"/>
  <system-out/>
  <testcase classname="org.iit.healthcare.mmp.EditandUpdateTest" name="edit_update_fname_test" time="12.912"/>
  <system-out/>
  <testcase classname="org.iit.healthcare.mmp.EditandUpdateTest" name="edit_update_invalid_fname_test" time="4.566"/>
  <system-out/>
  <testcase classname="org.iit.healthcare.mmp.EditandUpdateTest" name="edit_update_blank_fname_test" time="5.348"/>
  <system-out/>
  <testcase classname="org.iit.healthcare.mmp.EditandUpdateTest" name="edit_update_lname_test" time="15.952"/>
  <system-out/>
  <testcase classname="org.iit.healthcare.mmp.EditandUpdateTest" name="edit_update_invalid_lname_test" time="5.522"/>
  <system-out/>
  <testcase classname="org.iit.healthcare.mmp.EditandUpdateTest" name="edit_update_blank_lname_test" time="6.428"/>
  <system-out/>
  <testcase classname="org.iit.healthcare.mmp.EditandUpdateTest" name="edit_update_licence_test" time="11.946"/>
  <system-out/>
  <testcase classname="org.iit.healthcare.mmp.EditandUpdateTest" name="edit_update_ssn_test" time="11.058"/>
  <system-out/>
  <testcase classname="org.iit.healthcare.mmp.EditandUpdateTest" name="edit_update_invalid1_ssn_test" time="7.206"/>
  <system-out/>
  <testcase classname="org.iit.healthcare.mmp.EditandUpdateTest" name="edit_update_invalid2_ssn_test" time="7.290"/>
  <system-out/>
  <testcase classname="org.iit.healthcare.mmp.EditandUpdateTest" name="edit_update_all_test" time="37.573"/>
  <system-out/>
</testsuite> <!-- org.iit.healthcare.mmp.EditandUpdateTest -->
