<?xml version="1.0" encoding="UTF-8"?>
<!-- Generated by org.testng.reporters.JUnitReportReporter -->
<testsuite hostname="DESKTOP-OLAK0N7" failures="0" tests="2" name="org.iit.healthcare.mmp.ScheduleAppointmentTest" time="56.799" errors="0" timestamp="2021-05-12T00:52:01 EDT" skipped="0">
  <testcase classname="org.iit.healthcare.mmp.ScheduleAppointmentTest" name="loginapp" time="11.321"/>
  <system-out/>
  <testcase classname="org.iit.healthcare.mmp.ScheduleAppointmentTest" name="Sch_App_test" time="45.478"/>
  <system-out/>
</testsuite> <!-- org.iit.healthcare.mmp.ScheduleAppointmentTest -->
